Build started 18/04/2014 15:18:35.
     1>Project "C:\Users\Administrator\Dropbox\_WORK\Y2S2 - Project Portfolio\ASSIGNMENT\3D_GAME\Project Portfolio Assignment\wk10_start\wk10_start.vcxproj" on node 2 (Build target(s)).
     1>ClCompile:
         C:\Program Files (x86)\Microsoft Visual Studio 10.0\VC\bin\CL.exe /c /ZI /nologo /W3 /WX- /Od /Oy- /D WIN32 /D _DEBUG /D _WINDOWS /D _MBCS /Gm /EHsc /RTC1 /MDd /GS /fp:precise /Zc:wchar_t /Zc:forScope /Fo"Debug\\" /Fd"Debug\vc100.pdb" /Gd /TP /analyze- /errorReport:prompt Game.cpp Main.cpp Zombie.cpp
         Game.cpp
     1>c:\users\administrator\dropbox\_work\y2s2 - project portfolio\assignment\3d_game\project portfolio assignment\wk10_start\game.cpp(28): warning C4244: 'initializing' : conversion from 'scalar_t' to 'int', possible loss of data
     1>c:\users\administrator\dropbox\_work\y2s2 - project portfolio\assignment\3d_game\project portfolio assignment\wk10_start\game.cpp(29): warning C4244: 'initializing' : conversion from 'scalar_t' to 'int', possible loss of data
     1>c:\users\administrator\dropbox\_work\y2s2 - project portfolio\assignment\3d_game\project portfolio assignment\wk10_start\game.cpp(78): error C2065: 'entities' : undeclared identifier
     1>c:\users\administrator\dropbox\_work\y2s2 - project portfolio\assignment\3d_game\project portfolio assignment\wk10_start\game.cpp(78): error C2228: left of '.push_back' must have class/struct/union
                 type is ''unknown-type''
     1>c:\users\administrator\dropbox\_work\y2s2 - project portfolio\assignment\3d_game\project portfolio assignment\wk10_start\game.cpp(84): error C2065: 'entities' : undeclared identifier
     1>c:\users\administrator\dropbox\_work\y2s2 - project portfolio\assignment\3d_game\project portfolio assignment\wk10_start\game.cpp(84): error C2228: left of '.push_back' must have class/struct/union
                 type is ''unknown-type''
     1>c:\users\administrator\dropbox\_work\y2s2 - project portfolio\assignment\3d_game\project portfolio assignment\wk10_start\game.cpp(122): error C2065: 'entities' : undeclared identifier
     1>c:\users\administrator\dropbox\_work\y2s2 - project portfolio\assignment\3d_game\project portfolio assignment\wk10_start\game.cpp(122): error C2228: left of '.clear' must have class/struct/union
                 type is ''unknown-type''
     1>c:\users\administrator\dropbox\_work\y2s2 - project portfolio\assignment\3d_game\project portfolio assignment\wk10_start\game.cpp(215): warning C4244: 'argument' : conversion from 'const int' to 'float', possible loss of data
     1>c:\users\administrator\dropbox\_work\y2s2 - project portfolio\assignment\3d_game\project portfolio assignment\wk10_start\game.cpp(215): warning C4244: 'argument' : conversion from 'const int' to 'float', possible loss of data
     1>c:\users\administrator\dropbox\_work\y2s2 - project portfolio\assignment\3d_game\project portfolio assignment\wk10_start\game.cpp(253): error C2039: 'getScore' : is not a member of 'Entity'
                 c:\users\administrator\dropbox\_work\y2s2 - project portfolio\assignment\3d_game\project portfolio assignment\wk10_start\entity.h(11) : see declaration of 'Entity'
     1>c:\users\administrator\dropbox\_work\y2s2 - project portfolio\assignment\3d_game\project portfolio assignment\wk10_start\game.cpp(253): error C2664: 'int sprintf_s(char *,size_t,const char *,...)' : cannot convert parameter 2 from 'const char [22]' to 'size_t'
                 There is no context in which this conversion is possible
         Generating Code...
         Compiling...
         Main.cpp
         Generating Code...
         Skipping... (no relevant changes detected)
         Zombie.cpp
     1>Done Building Project "C:\Users\Administrator\Dropbox\_WORK\Y2S2 - Project Portfolio\ASSIGNMENT\3D_GAME\Project Portfolio Assignment\wk10_start\wk10_start.vcxproj" (Build target(s)) -- FAILED.

Build FAILED.

Time Elapsed 00:00:01.45
